Started GET "/" for 127.0.0.1 at 2025-05-06 12:52:42 +0900
  [1m[35m (0.2ms)[0m  [1m[35mCREATE TABLE "schema_migrations" ("version" varchar NOT NULL PRIMARY KEY)[0m
  [1m[35m (0.1ms)[0m  [1m[35mCREATE TABLE "ar_internal_metadata" ("key" varchar NOT NULL PRIMARY KEY, "value" varchar, "created_at" datetime(6) NOT NULL, "updated_at" datetime(6) NOT NULL)[0m
  [1m[36mActiveRecord::SchemaMigration Load (0.1ms)[0m  [1m[34mSELECT "schema_migrations"."version" FROM "schema_migrations" ORDER BY "schema_migrations"."version" ASC[0m
Processing by Rails::WelcomeController#index as HTML
  Rendering /Users/okamoto/.rbenv/versions/3.4.1/lib/ruby/gems/3.4.0/gems/railties-7.2.2.1/lib/rails/templates/rails/welcome/index.html.erb
  Rendered /Users/okamoto/.rbenv/versions/3.4.1/lib/ruby/gems/3.4.0/gems/railties-7.2.2.1/lib/rails/templates/rails/welcome/index.html.erb (Duration: 0.2ms | GC: 0.0ms)
Completed 200 OK in 10ms (Views: 2.7ms | ActiveRecord: 0.0ms (0 queries, 0 cached) | GC: 0.0ms)


Started GET "/icon.png" for 127.0.0.1 at 2025-05-06 12:52:43 +0900
  
ActionController::RoutingError (No route matches [GET] "/icon.png"):
  
Started GET "/" for 127.0.0.1 at 2025-05-06 12:59:30 +0900
  [1m[36mActiveRecord::SchemaMigration Load (0.1ms)[0m  [1m[34mSELECT "schema_migrations"."version" FROM "schema_migrations" ORDER BY "schema_migrations"."version" ASC[0m
Processing by Rails::WelcomeController#index as HTML
  Rendering /Users/okamoto/.rbenv/versions/3.4.1/lib/ruby/gems/3.4.0/gems/railties-7.2.2.1/lib/rails/templates/rails/welcome/index.html.erb
  Rendered /Users/okamoto/.rbenv/versions/3.4.1/lib/ruby/gems/3.4.0/gems/railties-7.2.2.1/lib/rails/templates/rails/welcome/index.html.erb (Duration: 0.2ms | GC: 0.0ms)
Completed 200 OK in 4ms (Views: 1.0ms | ActiveRecord: 0.0ms (0 queries, 0 cached) | GC: 0.3ms)


  [1m[36mActiveRecord::InternalMetadata Load (0.1ms)[0m  [1m[34mSELECT * FROM "ar_internal_metadata" WHERE "ar_internal_metadata"."key" = ? ORDER BY "ar_internal_metadata"."key" ASC LIMIT 1[0m  [[nil, "environment"]]
  [1m[36mActiveRecord::InternalMetadata Create (0.1ms)[0m  [1m[32mINSERT INTO "ar_internal_metadata" ("key", "value", "created_at", "updated_at") VALUES ('environment', 'development', '2025-05-06 04:03:01.889695', '2025-05-06 04:03:01.889696') RETURNING "key"[0m
  [1m[36mActiveRecord::SchemaMigration Load (0.0ms)[0m  [1m[34mSELECT "schema_migrations"."version" FROM "schema_migrations" ORDER BY "schema_migrations"."version" ASC[0m
Migrating to CreateTodos (20250506040204)
  [1m[36mTRANSACTION (0.0ms)[0m  [1m[36mbegin transaction[0m
  [1m[35m (0.4ms)[0m  [1m[35mCREATE TABLE "todos" ("id" integer PRIMARY KEY AUTOINCREMENT NOT NULL, "title" varchar, "description" text, "completed" boolean, "created_at" datetime(6) NOT NULL, "updated_at" datetime(6) NOT NULL)[0m
  [1m[36mActiveRecord::SchemaMigration Create (0.0ms)[0m  [1m[32mINSERT INTO "schema_migrations" ("version") VALUES ('20250506040204') RETURNING "version"[0m
  [1m[36mTRANSACTION (0.0ms)[0m  [1m[36mcommit transaction[0m
  [1m[36mActiveRecord::SchemaMigration Load (0.0ms)[0m  [1m[34mSELECT "schema_migrations"."version" FROM "schema_migrations" ORDER BY "schema_migrations"."version" ASC[0m
Started GET "/" for 127.0.0.1 at 2025-05-06 13:06:37 +0900
  [1m[36mActiveRecord::SchemaMigration Load (0.1ms)[0m  [1m[34mSELECT "schema_migrations"."version" FROM "schema_migrations" ORDER BY "schema_migrations"."version" ASC[0m
Processing by Rails::WelcomeController#index as HTML
  Rendering /Users/okamoto/.rbenv/versions/3.4.1/lib/ruby/gems/3.4.0/gems/railties-7.2.2.1/lib/rails/templates/rails/welcome/index.html.erb
  Rendered /Users/okamoto/.rbenv/versions/3.4.1/lib/ruby/gems/3.4.0/gems/railties-7.2.2.1/lib/rails/templates/rails/welcome/index.html.erb (Duration: 0.2ms | GC: 0.0ms)
Completed 200 OK in 4ms (Views: 1.1ms | ActiveRecord: 0.0ms (0 queries, 0 cached) | GC: 0.0ms)


Started GET "/todos" for 127.0.0.1 at 2025-05-06 13:06:49 +0900
Processing by TodosController#index as HTML
  [1m[36mTodo Load (1.0ms)[0m  [1m[34mSELECT "todos".* FROM "todos"[0m
  â†³ app/controllers/todos_controller.rb:8:in 'TodosController#index'
Completed 200 OK in 23ms (Views: 0.7ms | ActiveRecord: 1.2ms (1 query, 0 cached) | GC: 0.0ms)


Started GET "/favicon.ico" for 127.0.0.1 at 2025-05-06 13:06:49 +0900
  
ActionController::RoutingError (No route matches [GET] "/favicon.ico"):
  
  [1m[36mTRANSACTION (0.1ms)[0m  [1m[36mbegin transaction[0m
  [1m[36mTodo Create (0.7ms)[0m  [1m[32mINSERT INTO "todos" ("title", "description", "completed", "created_at", "updated_at") VALUES (?, ?, ?, ?, ?) RETURNING "id"[0m  [["title", "ç‰›ä¹³ã‚’è²·ã†"], ["description", "æ˜Žæ—¥ã®æœé£Ÿã®ãŸã‚ã«ç‰›ä¹³ã‚’è²·ã£ã¦ãã‚‹"], ["completed", 0], ["created_at", "2025-05-06 04:07:31.443443"], ["updated_at", "2025-05-06 04:07:31.443443"]]
  [1m[36mTRANSACTION (0.3ms)[0m  [1m[36mcommit transaction[0m
Started GET "/todos" for 127.0.0.1 at 2025-05-06 13:08:07 +0900
  [1m[36mActiveRecord::SchemaMigration Load (0.1ms)[0m  [1m[34mSELECT "schema_migrations"."version" FROM "schema_migrations" ORDER BY "schema_migrations"."version" ASC[0m
Processing by TodosController#index as HTML
  [1m[36mTodo Load (0.5ms)[0m  [1m[34mSELECT "todos".* FROM "todos"[0m
  â†³ app/controllers/todos_controller.rb:8:in 'TodosController#index'
Completed 200 OK in 10ms (Views: 2.2ms | ActiveRecord: 0.8ms (1 query, 0 cached) | GC: 0.5ms)


Started GET "/todos" for 127.0.0.1 at 2025-05-06 13:09:53 +0900
  [1m[36mActiveRecord::SchemaMigration Load (0.1ms)[0m  [1m[34mSELECT "schema_migrations"."version" FROM "schema_migrations" ORDER BY "schema_migrations"."version" ASC[0m
Processing by TodosController#index as HTML
  [1m[36mTodo Load (0.4ms)[0m  [1m[34mSELECT "todos".* FROM "todos"[0m
  â†³ app/controllers/todos_controller.rb:8:in 'TodosController#index'
Completed 200 OK in 10ms (Views: 2.3ms | ActiveRecord: 0.7ms (1 query, 0 cached) | GC: 0.0ms)


Started GET "/todos" for ::1 at 2025-05-06 13:23:28 +0900
Processing by TodosController#index as HTML
  [1m[36mTodo Load (3.1ms)[0m  [1m[34mSELECT "todos".* FROM "todos"[0m
  â†³ app/controllers/todos_controller.rb:8:in 'TodosController#index'
Completed 200 OK in 16ms (Views: 11.8ms | ActiveRecord: 2.9ms (1 query, 0 cached) | GC: 0.0ms)


Started GET "/todos" for ::1 at 2025-05-06 13:23:28 +0900
Processing by TodosController#index as HTML
  [1m[36mTodo Load (0.0ms)[0m  [1m[34mSELECT "todos".* FROM "todos"[0m
  â†³ app/controllers/todos_controller.rb:8:in 'TodosController#index'
Completed 200 OK in 1ms (Views: 0.7ms | ActiveRecord: 0.0ms (1 query, 0 cached) | GC: 0.0ms)


Started GET "/todos" for ::1 at 2025-05-06 13:43:56 +0900
Processing by TodosController#index as HTML
  [1m[36mTodo Load (1.5ms)[0m  [1m[34mSELECT "todos".* FROM "todos"[0m
  â†³ app/controllers/todos_controller.rb:8:in 'TodosController#index'
Completed 200 OK in 9ms (Views: 6.9ms | ActiveRecord: 1.4ms (1 query, 0 cached) | GC: 0.0ms)


Started GET "/todos" for ::1 at 2025-05-06 13:43:56 +0900
Processing by TodosController#index as HTML
  [1m[36mTodo Load (0.1ms)[0m  [1m[34mSELECT "todos".* FROM "todos"[0m
  â†³ app/controllers/todos_controller.rb:8:in 'TodosController#index'
Completed 200 OK in 1ms (Views: 1.0ms | ActiveRecord: 0.1ms (1 query, 0 cached) | GC: 0.0ms)


Started GET "/todos" for ::1 at 2025-05-06 13:44:01 +0900
Processing by TodosController#index as HTML
  [1m[36mTodo Load (0.1ms)[0m  [1m[34mSELECT "todos".* FROM "todos"[0m
  â†³ app/controllers/todos_controller.rb:8:in 'TodosController#index'
Completed 200 OK in 2ms (Views: 1.3ms | ActiveRecord: 0.1ms (1 query, 0 cached) | GC: 0.0ms)


Started GET "/todos" for ::1 at 2025-05-06 13:44:01 +0900
Processing by TodosController#index as HTML
  [1m[36mTodo Load (0.1ms)[0m  [1m[34mSELECT "todos".* FROM "todos"[0m
  â†³ app/controllers/todos_controller.rb:8:in 'TodosController#index'
Completed 200 OK in 1ms (Views: 1.1ms | ActiveRecord: 0.1ms (1 query, 0 cached) | GC: 0.0ms)


Started POST "/todos" for ::1 at 2025-05-06 13:44:58 +0900
Processing by TodosController#create as HTML
  Parameters: {"title" => "åˆ‡ç¬¦ã‚’è²·ã†", "description" => "ç·‘ã®çª“å£ã§è²·ã†", "todo" => {"title" => "åˆ‡ç¬¦ã‚’è²·ã†", "description" => "ç·‘ã®çª“å£ã§è²·ã†"}}
  [1m[36mTRANSACTION (0.3ms)[0m  [1m[36mbegin transaction[0m
  â†³ app/controllers/todos_controller.rb:20:in 'TodosController#create'
  [1m[36mTodo Create (4.0ms)[0m  [1m[32mINSERT INTO "todos" ("title", "description", "completed", "created_at", "updated_at") VALUES (?, ?, ?, ?, ?) RETURNING "id"[0m  [["title", "åˆ‡ç¬¦ã‚’è²·ã†"], ["description", "ç·‘ã®çª“å£ã§è²·ã†"], ["completed", nil], ["created_at", "2025-05-06 04:44:58.199648"], ["updated_at", "2025-05-06 04:44:58.199648"]]
  â†³ app/controllers/todos_controller.rb:20:in 'TodosController#create'
  [1m[36mTRANSACTION (0.2ms)[0m  [1m[36mcommit transaction[0m
  â†³ app/controllers/todos_controller.rb:20:in 'TodosController#create'
Completed 201 Created in 35ms (Views: 1.0ms | ActiveRecord: 4.5ms (1 query, 0 cached) | GC: 0.0ms)


Started GET "/todos" for ::1 at 2025-05-06 13:44:58 +0900
Processing by TodosController#index as HTML
  [1m[36mTodo Load (0.1ms)[0m  [1m[34mSELECT "todos".* FROM "todos"[0m
  â†³ app/controllers/todos_controller.rb:8:in 'TodosController#index'
Completed 200 OK in 2ms (Views: 1.3ms | ActiveRecord: 0.0ms (1 query, 0 cached) | GC: 0.0ms)


Started GET "/todos" for ::1 at 2025-05-06 13:44:58 +0900
Processing by TodosController#index as HTML
  [1m[36mTodo Load (0.2ms)[0m  [1m[34mSELECT "todos".* FROM "todos"[0m
  â†³ app/controllers/todos_controller.rb:8:in 'TodosController#index'
Completed 200 OK in 5ms (Views: 4.6ms | ActiveRecord: 0.1ms (1 query, 0 cached) | GC: 0.0ms)


Started GET "/todos" for 127.0.0.1 at 2025-05-06 15:00:40 +0900
  [1m[36mActiveRecord::SchemaMigration Load (0.1ms)[0m  [1m[34mSELECT "schema_migrations"."version" FROM "schema_migrations" ORDER BY "schema_migrations"."version" ASC[0m
Processing by TodosController#index as HTML
  [1m[36mTodo Load (0.5ms)[0m  [1m[34mSELECT "todos".* FROM "todos"[0m
  â†³ app/controllers/todos_controller.rb:8:in 'TodosController#index'
Completed 200 OK in 9ms (Views: 2.1ms | ActiveRecord: 0.8ms (1 query, 0 cached) | GC: 0.0ms)


Started GET "/todos" for ::1 at 2025-05-06 15:00:46 +0900
Processing by TodosController#index as HTML
  [1m[36mTodo Load (0.2ms)[0m  [1m[34mSELECT "todos".* FROM "todos"[0m
  â†³ app/controllers/todos_controller.rb:8:in 'TodosController#index'
Completed 200 OK in 3ms (Views: 2.4ms | ActiveRecord: 0.1ms (1 query, 0 cached) | GC: 0.0ms)


Started GET "/todos" for ::1 at 2025-05-06 15:00:46 +0900
Processing by TodosController#index as HTML
  [1m[36mTodo Load (0.1ms)[0m  [1m[34mSELECT "todos".* FROM "todos"[0m
  â†³ app/controllers/todos_controller.rb:8:in 'TodosController#index'
Completed 200 OK in 2ms (Views: 1.6ms | ActiveRecord: 0.0ms (1 query, 0 cached) | GC: 0.0ms)


Started GET "/todos" for ::1 at 2025-05-06 15:00:55 +0900
Processing by TodosController#index as HTML
  [1m[36mTodo Load (0.2ms)[0m  [1m[34mSELECT "todos".* FROM "todos"[0m
  â†³ app/controllers/todos_controller.rb:8:in 'TodosController#index'
Completed 200 OK in 4ms (Views: 3.6ms | ActiveRecord: 0.2ms (1 query, 0 cached) | GC: 0.0ms)


Started GET "/todos" for ::1 at 2025-05-06 15:00:55 +0900
Processing by TodosController#index as HTML
  [1m[36mTodo Load (0.1ms)[0m  [1m[34mSELECT "todos".* FROM "todos"[0m
  â†³ app/controllers/todos_controller.rb:8:in 'TodosController#index'
Completed 200 OK in 1ms (Views: 0.9ms | ActiveRecord: 0.0ms (1 query, 0 cached) | GC: 0.0ms)


Started POST "/todos" for ::1 at 2025-05-06 15:12:56 +0900
Processing by TodosController#create as HTML
  Parameters: {"title" => "", "description" => "", "todo" => {"title" => "", "description" => ""}}
  [1m[36mTRANSACTION (0.1ms)[0m  [1m[36mbegin transaction[0m
  â†³ app/controllers/todos_controller.rb:20:in 'TodosController#create'
  [1m[36mTodo Create (3.8ms)[0m  [1m[32mINSERT INTO "todos" ("title", "description", "completed", "created_at", "updated_at") VALUES (?, ?, ?, ?, ?) RETURNING "id"[0m  [["title", ""], ["description", ""], ["completed", nil], ["created_at", "2025-05-06 06:12:56.138561"], ["updated_at", "2025-05-06 06:12:56.138561"]]
  â†³ app/controllers/todos_controller.rb:20:in 'TodosController#create'
  [1m[36mTRANSACTION (0.4ms)[0m  [1m[36mcommit transaction[0m
  â†³ app/controllers/todos_controller.rb:20:in 'TodosController#create'
Completed 201 Created in 13ms (Views: 1.3ms | ActiveRecord: 4.3ms (1 query, 0 cached) | GC: 0.0ms)


Started GET "/todos" for ::1 at 2025-05-06 15:12:56 +0900
Processing by TodosController#index as HTML
  [1m[36mTodo Load (0.2ms)[0m  [1m[34mSELECT "todos".* FROM "todos"[0m
  â†³ app/controllers/todos_controller.rb:8:in 'TodosController#index'
Completed 200 OK in 2ms (Views: 1.3ms | ActiveRecord: 0.2ms (1 query, 0 cached) | GC: 0.0ms)


Started GET "/todos" for ::1 at 2025-05-06 15:12:56 +0900
Processing by TodosController#index as HTML
  [1m[36mTodo Load (0.1ms)[0m  [1m[34mSELECT "todos".* FROM "todos"[0m
  â†³ app/controllers/todos_controller.rb:8:in 'TodosController#index'
Completed 200 OK in 1ms (Views: 1.3ms | ActiveRecord: 0.0ms (1 query, 0 cached) | GC: 0.0ms)


Started GET "/todos" for 127.0.0.1 at 2025-05-06 15:16:35 +0900
Processing by TodosController#index as HTML
  [1m[36mTodo Load (0.4ms)[0m  [1m[34mSELECT "todos".* FROM "todos"[0m
  â†³ app/controllers/todos_controller.rb:8:in 'TodosController#index'
Completed 200 OK in 5ms (Views: 4.1ms | ActiveRecord: 0.3ms (1 query, 0 cached) | GC: 0.0ms)


Started GET "/todos" for ::1 at 2025-05-06 15:34:47 +0900
Processing by TodosController#index as HTML
  [1m[36mTodo Load (1.2ms)[0m  [1m[34mSELECT "todos".* FROM "todos"[0m
  â†³ app/controllers/todos_controller.rb:8:in 'TodosController#index'
Completed 200 OK in 6ms (Views: 3.2ms | ActiveRecord: 1.1ms (1 query, 0 cached) | GC: 0.0ms)


Started GET "/todos" for ::1 at 2025-05-06 15:34:48 +0900
Processing by TodosController#index as HTML
  [1m[36mTodo Load (0.1ms)[0m  [1m[34mSELECT "todos".* FROM "todos"[0m
  â†³ app/controllers/todos_controller.rb:8:in 'TodosController#index'
Completed 200 OK in 1ms (Views: 1.2ms | ActiveRecord: 0.1ms (1 query, 0 cached) | GC: 0.0ms)


Started DELETE "/todos/3" for ::1 at 2025-05-06 15:54:11 +0900
Processing by TodosController#destroy as HTML
  Parameters: {"id" => "3"}
  [1m[36mTodo Load (1.2ms)[0m  [1m[34mSELECT "todos".* FROM "todos" WHERE "todos"."id" = ? LIMIT ?[0m  [["id", 3], ["LIMIT", 1]]
  â†³ app/controllers/todos_controller.rb:44:in 'TodosController#set_todo'
  [1m[36mTRANSACTION (0.0ms)[0m  [1m[36mbegin transaction[0m
  â†³ app/controllers/todos_controller.rb:38:in 'TodosController#destroy'
  [1m[36mTodo Destroy (0.4ms)[0m  [1m[31mDELETE FROM "todos" WHERE "todos"."id" = ?[0m  [["id", 3]]
  â†³ app/controllers/todos_controller.rb:38:in 'TodosController#destroy'
  [1m[36mTRANSACTION (0.1ms)[0m  [1m[36mcommit transaction[0m
  â†³ app/controllers/todos_controller.rb:38:in 'TodosController#destroy'
Completed 204 No Content in 16ms (ActiveRecord: 1.8ms (2 queries, 0 cached) | GC: 0.0ms)


Started GET "/todos" for ::1 at 2025-05-06 15:54:14 +0900
Processing by TodosController#index as HTML
  [1m[36mTodo Load (0.3ms)[0m  [1m[34mSELECT "todos".* FROM "todos"[0m
  â†³ app/controllers/todos_controller.rb:8:in 'TodosController#index'
Completed 200 OK in 3ms (Views: 2.3ms | ActiveRecord: 0.3ms (1 query, 0 cached) | GC: 0.0ms)


Started GET "/todos" for ::1 at 2025-05-06 15:54:14 +0900
Processing by TodosController#index as HTML
  [1m[36mTodo Load (0.0ms)[0m  [1m[34mSELECT "todos".* FROM "todos"[0m
  â†³ app/controllers/todos_controller.rb:8:in 'TodosController#index'
Completed 200 OK in 1ms (Views: 0.7ms | ActiveRecord: 0.0ms (1 query, 0 cached) | GC: 0.0ms)


Started GET "/todos" for ::1 at 2025-05-06 16:06:00 +0900
Processing by TodosController#index as HTML
  [1m[36mTodo Load (1.4ms)[0m  [1m[34mSELECT "todos".* FROM "todos"[0m
  â†³ app/controllers/todos_controller.rb:8:in 'TodosController#index'
Completed 200 OK in 4ms (Views: 1.9ms | ActiveRecord: 1.4ms (1 query, 0 cached) | GC: 0.0ms)


Started GET "/todos" for ::1 at 2025-05-06 16:06:00 +0900
Processing by TodosController#index as HTML
  [1m[36mTodo Load (0.1ms)[0m  [1m[34mSELECT "todos".* FROM "todos"[0m
  â†³ app/controllers/todos_controller.rb:8:in 'TodosController#index'
Completed 200 OK in 2ms (Views: 1.4ms | ActiveRecord: 0.1ms (1 query, 0 cached) | GC: 0.0ms)


Started POST "/todos" for ::1 at 2025-05-06 16:06:02 +0900
Processing by TodosController#create as HTML
  Parameters: {"title" => "", "description" => "", "todo" => {"title" => "", "description" => ""}}
  [1m[36mTRANSACTION (0.1ms)[0m  [1m[36mbegin transaction[0m
  â†³ app/controllers/todos_controller.rb:20:in 'TodosController#create'
  [1m[36mTodo Create (1.3ms)[0m  [1m[32mINSERT INTO "todos" ("title", "description", "completed", "created_at", "updated_at") VALUES (?, ?, ?, ?, ?) RETURNING "id"[0m  [["title", ""], ["description", ""], ["completed", nil], ["created_at", "2025-05-06 07:06:02.574606"], ["updated_at", "2025-05-06 07:06:02.574606"]]
  â†³ app/controllers/todos_controller.rb:20:in 'TodosController#create'
  [1m[36mTRANSACTION (0.3ms)[0m  [1m[36mcommit transaction[0m
  â†³ app/controllers/todos_controller.rb:20:in 'TodosController#create'
Completed 201 Created in 6ms (Views: 0.4ms | ActiveRecord: 1.7ms (1 query, 0 cached) | GC: 0.0ms)


Started GET "/todos" for ::1 at 2025-05-06 16:06:02 +0900
Processing by TodosController#index as HTML
  [1m[36mTodo Load (0.1ms)[0m  [1m[34mSELECT "todos".* FROM "todos"[0m
  â†³ app/controllers/todos_controller.rb:8:in 'TodosController#index'
Completed 200 OK in 2ms (Views: 1.4ms | ActiveRecord: 0.1ms (1 query, 0 cached) | GC: 0.0ms)


Started GET "/todos" for ::1 at 2025-05-06 16:06:02 +0900
Processing by TodosController#index as HTML
  [1m[36mTodo Load (0.0ms)[0m  [1m[34mSELECT "todos".* FROM "todos"[0m
  â†³ app/controllers/todos_controller.rb:8:in 'TodosController#index'
Completed 200 OK in 1ms (Views: 0.7ms | ActiveRecord: 0.0ms (1 query, 0 cached) | GC: 0.0ms)


Started DELETE "/todos/4" for ::1 at 2025-05-06 16:06:04 +0900
Processing by TodosController#destroy as HTML
  Parameters: {"id" => "4"}
  [1m[36mTodo Load (0.2ms)[0m  [1m[34mSELECT "todos".* FROM "todos" WHERE "todos"."id" = ? LIMIT ?[0m  [["id", 4], ["LIMIT", 1]]
  â†³ app/controllers/todos_controller.rb:44:in 'TodosController#set_todo'
  [1m[36mTRANSACTION (0.1ms)[0m  [1m[36mbegin transaction[0m
  â†³ app/controllers/todos_controller.rb:38:in 'TodosController#destroy'
  [1m[36mTodo Destroy (1.1ms)[0m  [1m[31mDELETE FROM "todos" WHERE "todos"."id" = ?[0m  [["id", 4]]
  â†³ app/controllers/todos_controller.rb:38:in 'TodosController#destroy'
  [1m[36mTRANSACTION (0.1ms)[0m  [1m[36mcommit transaction[0m
  â†³ app/controllers/todos_controller.rb:38:in 'TodosController#destroy'
Completed 204 No Content in 4ms (ActiveRecord: 1.5ms (2 queries, 0 cached) | GC: 0.0ms)


Started GET "/todos" for ::1 at 2025-05-06 16:06:25 +0900
Processing by TodosController#index as HTML
  [1m[36mTodo Load (0.1ms)[0m  [1m[34mSELECT "todos".* FROM "todos"[0m
  â†³ app/controllers/todos_controller.rb:8:in 'TodosController#index'
Completed 200 OK in 1ms (Views: 1.0ms | ActiveRecord: 0.1ms (1 query, 0 cached) | GC: 0.0ms)


Started GET "/todos" for ::1 at 2025-05-06 16:06:25 +0900
Processing by TodosController#index as HTML
  [1m[36mTodo Load (0.0ms)[0m  [1m[34mSELECT "todos".* FROM "todos"[0m
  â†³ app/controllers/todos_controller.rb:8:in 'TodosController#index'
Completed 200 OK in 1ms (Views: 0.7ms | ActiveRecord: 0.0ms (1 query, 0 cached) | GC: 0.0ms)


Started POST "/todos" for ::1 at 2025-05-06 16:06:27 +0900
Processing by TodosController#create as HTML
  Parameters: {"title" => "", "description" => "", "todo" => {"title" => "", "description" => ""}}
  [1m[36mTRANSACTION (0.1ms)[0m  [1m[36mbegin transaction[0m
  â†³ app/controllers/todos_controller.rb:20:in 'TodosController#create'
  [1m[36mTodo Create (1.2ms)[0m  [1m[32mINSERT INTO "todos" ("title", "description", "completed", "created_at", "updated_at") VALUES (?, ?, ?, ?, ?) RETURNING "id"[0m  [["title", ""], ["description", ""], ["completed", nil], ["created_at", "2025-05-06 07:06:27.117772"], ["updated_at", "2025-05-06 07:06:27.117772"]]
  â†³ app/controllers/todos_controller.rb:20:in 'TodosController#create'
  [1m[36mTRANSACTION (0.3ms)[0m  [1m[36mcommit transaction[0m
  â†³ app/controllers/todos_controller.rb:20:in 'TodosController#create'
Completed 201 Created in 5ms (Views: 0.3ms | ActiveRecord: 1.6ms (1 query, 0 cached) | GC: 0.0ms)


Started GET "/todos" for ::1 at 2025-05-06 16:06:27 +0900
Processing by TodosController#index as HTML
  [1m[36mTodo Load (0.1ms)[0m  [1m[34mSELECT "todos".* FROM "todos"[0m
  â†³ app/controllers/todos_controller.rb:8:in 'TodosController#index'
Completed 200 OK in 2ms (Views: 1.3ms | ActiveRecord: 0.1ms (1 query, 0 cached) | GC: 0.0ms)


Started GET "/todos" for ::1 at 2025-05-06 16:06:27 +0900
Processing by TodosController#index as HTML
  [1m[36mTodo Load (0.1ms)[0m  [1m[34mSELECT "todos".* FROM "todos"[0m
  â†³ app/controllers/todos_controller.rb:8:in 'TodosController#index'
Completed 200 OK in 1ms (Views: 0.9ms | ActiveRecord: 0.0ms (1 query, 0 cached) | GC: 0.0ms)


Started DELETE "/todos/5" for ::1 at 2025-05-06 16:06:28 +0900
Processing by TodosController#destroy as HTML
  Parameters: {"id" => "5"}
  [1m[36mTodo Load (0.2ms)[0m  [1m[34mSELECT "todos".* FROM "todos" WHERE "todos"."id" = ? LIMIT ?[0m  [["id", 5], ["LIMIT", 1]]
  â†³ app/controllers/todos_controller.rb:44:in 'TodosController#set_todo'
  [1m[36mTRANSACTION (0.1ms)[0m  [1m[36mbegin transaction[0m
  â†³ app/controllers/todos_controller.rb:38:in 'TodosController#destroy'
  [1m[36mTodo Destroy (1.1ms)[0m  [1m[31mDELETE FROM "todos" WHERE "todos"."id" = ?[0m  [["id", 5]]
  â†³ app/controllers/todos_controller.rb:38:in 'TodosController#destroy'
  [1m[36mTRANSACTION (0.1ms)[0m  [1m[36mcommit transaction[0m
  â†³ app/controllers/todos_controller.rb:38:in 'TodosController#destroy'
Completed 204 No Content in 6ms (ActiveRecord: 1.5ms (2 queries, 0 cached) | GC: 0.0ms)


Started POST "/todos" for ::1 at 2025-05-06 16:07:22 +0900
Processing by TodosController#create as HTML
  Parameters: {"title" => "1", "description" => "2", "todo" => {"title" => "1", "description" => "2"}}
  [1m[36mTRANSACTION (0.1ms)[0m  [1m[36mbegin transaction[0m
  â†³ app/controllers/todos_controller.rb:20:in 'TodosController#create'
  [1m[36mTodo Create (1.5ms)[0m  [1m[32mINSERT INTO "todos" ("title", "description", "completed", "created_at", "updated_at") VALUES (?, ?, ?, ?, ?) RETURNING "id"[0m  [["title", "1"], ["description", "2"], ["completed", nil], ["created_at", "2025-05-06 07:07:22.577196"], ["updated_at", "2025-05-06 07:07:22.577196"]]
  â†³ app/controllers/todos_controller.rb:20:in 'TodosController#create'
  [1m[36mTRANSACTION (0.4ms)[0m  [1m[36mcommit transaction[0m
  â†³ app/controllers/todos_controller.rb:20:in 'TodosController#create'
Completed 201 Created in 8ms (Views: 0.9ms | ActiveRecord: 2.0ms (1 query, 0 cached) | GC: 0.0ms)


Started GET "/todos" for ::1 at 2025-05-06 16:07:22 +0900
Processing by TodosController#index as HTML
  [1m[36mTodo Load (0.1ms)[0m  [1m[34mSELECT "todos".* FROM "todos"[0m
  â†³ app/controllers/todos_controller.rb:8:in 'TodosController#index'
Completed 200 OK in 2ms (Views: 1.4ms | ActiveRecord: 0.1ms (1 query, 0 cached) | GC: 0.0ms)


Started GET "/todos" for ::1 at 2025-05-06 16:07:22 +0900
Processing by TodosController#index as HTML
  [1m[36mTodo Load (0.0ms)[0m  [1m[34mSELECT "todos".* FROM "todos"[0m
  â†³ app/controllers/todos_controller.rb:8:in 'TodosController#index'
Completed 200 OK in 1ms (Views: 1.0ms | ActiveRecord: 0.0ms (1 query, 0 cached) | GC: 0.0ms)


Started PUT "/todos/6" for ::1 at 2025-05-06 16:07:30 +0900
Processing by TodosController#update as HTML
  Parameters: {"title" => "", "description" => "2", "id" => "6", "todo" => {"title" => "", "description" => "2"}}
  [1m[36mTodo Load (0.1ms)[0m  [1m[34mSELECT "todos".* FROM "todos" WHERE "todos"."id" = ? LIMIT ?[0m  [["id", 6], ["LIMIT", 1]]
  â†³ app/controllers/todos_controller.rb:44:in 'TodosController#set_todo'
  [1m[36mTRANSACTION (0.0ms)[0m  [1m[36mbegin transaction[0m
  â†³ app/controllers/todos_controller.rb:29:in 'TodosController#update'
  [1m[36mTodo Update (0.7ms)[0m  [1m[33mUPDATE "todos" SET "title" = ?, "updated_at" = ? WHERE "todos"."id" = ?[0m  [["title", ""], ["updated_at", "2025-05-06 07:07:30.255802"], ["id", 6]]
  â†³ app/controllers/todos_controller.rb:29:in 'TodosController#update'
  [1m[36mTRANSACTION (0.1ms)[0m  [1m[36mcommit transaction[0m
  â†³ app/controllers/todos_controller.rb:29:in 'TodosController#update'
Completed 200 OK in 4ms (Views: 0.2ms | ActiveRecord: 0.9ms (2 queries, 0 cached) | GC: 0.0ms)


Started GET "/todos" for ::1 at 2025-05-06 16:07:30 +0900
Processing by TodosController#index as HTML
  [1m[36mTodo Load (0.1ms)[0m  [1m[34mSELECT "todos".* FROM "todos"[0m
  â†³ app/controllers/todos_controller.rb:8:in 'TodosController#index'
Completed 200 OK in 2ms (Views: 1.3ms | ActiveRecord: 0.1ms (1 query, 0 cached) | GC: 0.0ms)


Started GET "/todos" for ::1 at 2025-05-06 16:07:30 +0900
Processing by TodosController#index as HTML
  [1m[36mTodo Load (0.1ms)[0m  [1m[34mSELECT "todos".* FROM "todos"[0m
  â†³ app/controllers/todos_controller.rb:8:in 'TodosController#index'
Completed 200 OK in 1ms (Views: 1.2ms | ActiveRecord: 0.1ms (1 query, 0 cached) | GC: 0.0ms)


Started PUT "/todos/6" for ::1 at 2025-05-06 16:08:18 +0900
Processing by TodosController#update as HTML
  Parameters: {"title" => "2", "description" => "2", "id" => "6", "todo" => {"title" => "2", "description" => "2"}}
  [1m[36mTodo Load (0.3ms)[0m  [1m[34mSELECT "todos".* FROM "todos" WHERE "todos"."id" = ? LIMIT ?[0m  [["id", 6], ["LIMIT", 1]]
  â†³ app/controllers/todos_controller.rb:44:in 'TodosController#set_todo'
  [1m[36mTRANSACTION (0.2ms)[0m  [1m[36mbegin transaction[0m
  â†³ app/controllers/todos_controller.rb:29:in 'TodosController#update'
  [1m[36mTodo Update (1.8ms)[0m  [1m[33mUPDATE "todos" SET "title" = ?, "updated_at" = ? WHERE "todos"."id" = ?[0m  [["title", "2"], ["updated_at", "2025-05-06 07:08:18.973755"], ["id", 6]]
  â†³ app/controllers/todos_controller.rb:29:in 'TodosController#update'
  [1m[36mTRANSACTION (0.4ms)[0m  [1m[36mcommit transaction[0m
  â†³ app/controllers/todos_controller.rb:29:in 'TodosController#update'
Completed 200 OK in 17ms (Views: 0.5ms | ActiveRecord: 2.6ms (2 queries, 0 cached) | GC: 0.0ms)


Started GET "/todos" for ::1 at 2025-05-06 16:08:19 +0900
Processing by TodosController#index as HTML
  [1m[36mTodo Load (0.1ms)[0m  [1m[34mSELECT "todos".* FROM "todos"[0m
  â†³ app/controllers/todos_controller.rb:8:in 'TodosController#index'
Completed 200 OK in 2ms (Views: 1.4ms | ActiveRecord: 0.1ms (1 query, 0 cached) | GC: 0.0ms)


Started GET "/todos" for ::1 at 2025-05-06 16:08:19 +0900
Processing by TodosController#index as HTML
  [1m[36mTodo Load (0.1ms)[0m  [1m[34mSELECT "todos".* FROM "todos"[0m
  â†³ app/controllers/todos_controller.rb:8:in 'TodosController#index'
Completed 200 OK in 8ms (Views: 7.8ms | ActiveRecord: 0.1ms (1 query, 0 cached) | GC: 5.7ms)


Started POST "/todos" for ::1 at 2025-05-06 16:08:34 +0900
Processing by TodosController#create as HTML
  Parameters: {"title" => " ", "description" => "  ", "todo" => {"title" => " ", "description" => "  "}}
  [1m[36mTRANSACTION (0.1ms)[0m  [1m[36mbegin transaction[0m
  â†³ app/controllers/todos_controller.rb:20:in 'TodosController#create'
  [1m[36mTodo Create (3.1ms)[0m  [1m[32mINSERT INTO "todos" ("title", "description", "completed", "created_at", "updated_at") VALUES (?, ?, ?, ?, ?) RETURNING "id"[0m  [["title", " "], ["description", "  "], ["completed", nil], ["created_at", "2025-05-06 07:08:34.214852"], ["updated_at", "2025-05-06 07:08:34.214852"]]
  â†³ app/controllers/todos_controller.rb:20:in 'TodosController#create'
  [1m[36mTRANSACTION (0.3ms)[0m  [1m[36mcommit transaction[0m
  â†³ app/controllers/todos_controller.rb:20:in 'TodosController#create'
Completed 201 Created in 10ms (Views: 0.4ms | ActiveRecord: 3.4ms (1 query, 0 cached) | GC: 4.9ms)


Started GET "/todos" for ::1 at 2025-05-06 16:08:34 +0900
Processing by TodosController#index as HTML
  [1m[36mTodo Load (0.1ms)[0m  [1m[34mSELECT "todos".* FROM "todos"[0m
  â†³ app/controllers/todos_controller.rb:8:in 'TodosController#index'
Completed 200 OK in 5ms (Views: 4.3ms | ActiveRecord: 0.1ms (1 query, 0 cached) | GC: 2.1ms)


Started GET "/todos" for ::1 at 2025-05-06 16:08:34 +0900
Processing by TodosController#index as HTML
  [1m[36mTodo Load (0.1ms)[0m  [1m[34mSELECT "todos".* FROM "todos"[0m
  â†³ app/controllers/todos_controller.rb:8:in 'TodosController#index'
Completed 200 OK in 3ms (Views: 2.4ms | ActiveRecord: 0.1ms (1 query, 0 cached) | GC: 1.2ms)


Started DELETE "/todos/7" for ::1 at 2025-05-06 16:08:35 +0900
Processing by TodosController#destroy as HTML
  Parameters: {"id" => "7"}
  [1m[36mTodo Load (0.2ms)[0m  [1m[34mSELECT "todos".* FROM "todos" WHERE "todos"."id" = ? LIMIT ?[0m  [["id", 7], ["LIMIT", 1]]
  â†³ app/controllers/todos_controller.rb:44:in 'TodosController#set_todo'
  [1m[36mTRANSACTION (0.1ms)[0m  [1m[36mbegin transaction[0m
  â†³ app/controllers/todos_controller.rb:38:in 'TodosController#destroy'
  [1m[36mTodo Destroy (1.5ms)[0m  [1m[31mDELETE FROM "todos" WHERE "todos"."id" = ?[0m  [["id", 7]]
  â†³ app/controllers/todos_controller.rb:38:in 'TodosController#destroy'
  [1m[36mTRANSACTION (0.1ms)[0m  [1m[36mcommit transaction[0m
  â†³ app/controllers/todos_controller.rb:38:in 'TodosController#destroy'
Completed 204 No Content in 9ms (ActiveRecord: 1.9ms (2 queries, 0 cached) | GC: 4.7ms)


Started DELETE "/todos/6" for ::1 at 2025-05-06 16:10:04 +0900
Processing by TodosController#destroy as HTML
  Parameters: {"id" => "6"}
  [1m[36mTodo Load (0.3ms)[0m  [1m[34mSELECT "todos".* FROM "todos" WHERE "todos"."id" = ? LIMIT ?[0m  [["id", 6], ["LIMIT", 1]]
  â†³ app/controllers/todos_controller.rb:44:in 'TodosController#set_todo'
  [1m[36mTRANSACTION (0.1ms)[0m  [1m[36mbegin transaction[0m
  â†³ app/controllers/todos_controller.rb:38:in 'TodosController#destroy'
  [1m[36mTodo Destroy (2.0ms)[0m  [1m[31mDELETE FROM "todos" WHERE "todos"."id" = ?[0m  [["id", 6]]
  â†³ app/controllers/todos_controller.rb:38:in 'TodosController#destroy'
  [1m[36mTRANSACTION (0.4ms)[0m  [1m[36mcommit transaction[0m
  â†³ app/controllers/todos_controller.rb:38:in 'TodosController#destroy'
Completed 204 No Content in 11ms (ActiveRecord: 2.9ms (2 queries, 0 cached) | GC: 4.8ms)


